15/Dec/2023 12:40:53 INFO: User Nathan Wolf Logged In
15/Dec/2023 12:50:31 INFO: Listing Edited By Nathan Wolf
15/Dec/2023 12:51:22 INFO: Listing Edited By Nathan Wolf
15/Dec/2023 12:52:35 INFO: Listing Edited By Nathan Wolf
15/Dec/2023 12:54:47 INFO: Listing Edited By Nathan Wolf
15/Dec/2023 12:55:15 INFO: Listing Edited By Nathan Wolf
15/Dec/2023 12:55:53 INFO: Listing Edited By Nathan Wolf
15/Dec/2023 12:56:00 INFO: Listing Edited By Nathan Wolf
15/Dec/2023 12:56:07 INFO: Listing Edited By Nathan Wolf
15/Dec/2023 12:56:11 INFO: Listing Edited By Nathan Wolf
15/Dec/2023 12:56:15 INFO: Listing Edited By Nathan Wolf
15/Dec/2023 13:02:59 INFO: Lease Edited By Nathan Wolf
15/Dec/2023 13:12:04 INFO: Sale Edited By Nathan Wolf
15/Dec/2023 13:13:26 INFO: Sale Edited By Nathan Wolf
15/Dec/2023 13:13:30 INFO: Sale Edited By Nathan Wolf
15/Dec/2023 13:13:35 INFO: Sale Edited By Nathan Wolf
15/Dec/2023 13:13:43 INFO: Sale Edited By Nathan Wolf
15/Dec/2023 13:13:47 INFO: Sale Edited By Nathan Wolf
15/Dec/2023 13:13:54 INFO: Sale Edited By Nathan Wolf
15/Dec/2023 13:14:00 INFO: Sale Edited By Nathan Wolf
15/Dec/2023 13:14:14 INFO: Sale Edited By Nathan Wolf
15/Dec/2023 13:14:18 INFO: Sale Edited By Nathan Wolf
15/Dec/2023 13:14:25 INFO: Sale Edited By Nathan Wolf
15/Dec/2023 13:14:30 INFO: Sale Edited By Nathan Wolf
15/Dec/2023 13:14:34 INFO: Sale Edited By Nathan Wolf
15/Dec/2023 13:15:01 INFO: New Listing Submitted By Nathan Wolf
15/Dec/2023 13:15:34 INFO: Listing Deleted By Nathan Wolf
15/Dec/2023 13:15:52 INFO: New Listing Submitted By Nathan Wolf
15/Dec/2023 13:17:37 INFO: Listing Deleted By Nathan Wolf
15/Dec/2023 13:18:12 INFO: New Listing Submitted By Nathan Wolf
15/Dec/2023 13:18:22 INFO: Listing Deleted By Nathan Wolf
